<?xml version="1.0" encoding="UTF-8"?>
<testng-results ignored="0" total="1" passed="1" failed="0" skipped="0">
  <reporter-output>
  </reporter-output>
  <suite started-at="2022-02-04T10:06:34 IST" name="Default suite" finished-at="2022-02-04T10:06:39 IST" duration-ms="4625">
    <groups>
    </groups>
    <test started-at="2022-02-04T10:06:34 IST" name="Default test" finished-at="2022-02-04T10:06:39 IST" duration-ms="4625">
      <class name="Demo.Post">
        <test-method signature="f()[pri:0, instance:Demo.Post@4facf68f]" started-at="2022-02-04T10:06:34 IST" name="f" finished-at="2022-02-04T10:06:39 IST" duration-ms="4563" status="PASS">
          <reporter-output>
          </reporter-output>
        </test-method> <!-- f -->
      </class> <!-- Demo.Post -->
    </test> <!-- Default test -->
  </suite> <!-- Default suite -->
</testng-results>
