<?xml version="1.0" encoding="UTF-8"?>
<testng-results ignored="0" total="1" passed="1" failed="0" skipped="0">
  <reporter-output>
  </reporter-output>
  <suite started-at="2022-02-04T11:02:51 IST" name="Default suite" finished-at="2022-02-04T11:02:54 IST" duration-ms="2889">
    <groups>
    </groups>
    <test started-at="2022-02-04T11:02:51 IST" name="Default test" finished-at="2022-02-04T11:02:54 IST" duration-ms="2889">
      <class name="Assignment3.Put">
        <test-method signature="f()[pri:0, instance:Assignment3.Put@16ec5519]" started-at="2022-02-04T11:02:51 IST" name="f" finished-at="2022-02-04T11:02:54 IST" duration-ms="2861" status="PASS">
          <reporter-output>
          </reporter-output>
        </test-method> <!-- f -->
      </class> <!-- Assignment3.Put -->
    </test> <!-- Default test -->
  </suite> <!-- Default suite -->
</testng-results>
